<?xml version="1.0" encoding="UTF-8"?>
<!-- Generated by org.testng.reporters.JUnitReportReporter -->
<testsuite hostname="LAPTOP-M7L5P8KB" failures="0" tests="1" name="com.mercury_tours.testCases.TC_BookFlight_005" time="26.431" errors="0" timestamp="07 Feb 2020 23:29:30 GMT" skipped="0">
  <testcase classname="com.mercury_tours.testCases.TC_BookFlight_005" name="bookFlight" time="26.431"/>
</testsuite> <!-- com.mercury_tours.testCases.TC_BookFlight_005 -->
