<?xml version="1.0" encoding="UTF-8"?>
<!-- Generated by org.testng.reporters.JUnitReportReporter -->
<testsuite hostname="LAPTOP-M7L5P8KB" failures="0" tests="1" name="com.mercury_tours.testCases.TC_Register_004" time="7.679" errors="0" timestamp="07 Feb 2020 00:28:26 GMT" skipped="0">
  <testcase classname="com.mercury_tours.testCases.TC_Register_004" name="registerDDT" time="7.679"/>
</testsuite> <!-- com.mercury_tours.testCases.TC_Register_004 -->
