<?xml version="1.0" encoding="UTF-8"?>
<!-- Generated by org.testng.reporters.JUnitReportReporter -->
<testsuite hostname="LAPTOP-M7L5P8KB" failures="0" tests="6" name="com.mercury_tours.testCases.TC_SignOnDDT_002" time="32.522" errors="0" timestamp="10 Feb 2020 19:54:58 GMT" skipped="0">
  <testcase classname="com.mercury_tours.testCases.TC_SignOnDDT_002" name="SignOnDDT" time="4.336"/>
  <testcase classname="com.mercury_tours.testCases.TC_SignOnDDT_002" name="SignOnDDT" time="4.150"/>
  <testcase classname="com.mercury_tours.testCases.TC_SignOnDDT_002" name="SignOnDDT" time="10.257"/>
  <testcase classname="com.mercury_tours.testCases.TC_SignOnDDT_002" name="SignOnDDT" time="4.341"/>
  <testcase classname="com.mercury_tours.testCases.TC_SignOnDDT_002" name="SignOnDDT" time="4.276"/>
  <testcase classname="com.mercury_tours.testCases.TC_SignOnDDT_002" name="SignOnDDT" time="5.162"/>
</testsuite> <!-- com.mercury_tours.testCases.TC_SignOnDDT_002 -->
