<?xml version="1.0" encoding="UTF-8"?>
<!-- Generated by org.testng.reporters.JUnitReportReporter -->
<testsuite hostname="LAPTOP-M7L5P8KB" failures="0" tests="6" name="com.mercury_tours.testCases.TC_SignOnDDT_002" time="30.786" errors="0" timestamp="08 Feb 2020 21:58:35 GMT" skipped="0">
  <testcase classname="com.mercury_tours.testCases.TC_SignOnDDT_002" name="SignOnDDT" time="4.276"/>
  <testcase classname="com.mercury_tours.testCases.TC_SignOnDDT_002" name="SignOnDDT" time="4.079"/>
  <testcase classname="com.mercury_tours.testCases.TC_SignOnDDT_002" name="SignOnDDT" time="9.721"/>
  <testcase classname="com.mercury_tours.testCases.TC_SignOnDDT_002" name="SignOnDDT" time="4.090"/>
  <testcase classname="com.mercury_tours.testCases.TC_SignOnDDT_002" name="SignOnDDT" time="4.251"/>
  <testcase classname="com.mercury_tours.testCases.TC_SignOnDDT_002" name="SignOnDDT" time="4.369"/>
</testsuite> <!-- com.mercury_tours.testCases.TC_SignOnDDT_002 -->
