<?xml version="1.0" encoding="UTF-8"?>
<!-- Generated by org.testng.reporters.JUnitReportReporter -->
<testsuite hostname="LAPTOP-M7L5P8KB" failures="0" tests="6" name="com.mercury_tours.testCases.TC_SignOnDDT_002" time="31.025" errors="0" timestamp="10 Feb 2020 19:08:05 GMT" skipped="0">
  <testcase classname="com.mercury_tours.testCases.TC_SignOnDDT_002" name="SignOnDDT" time="4.329"/>
  <testcase classname="com.mercury_tours.testCases.TC_SignOnDDT_002" name="SignOnDDT" time="4.128"/>
  <testcase classname="com.mercury_tours.testCases.TC_SignOnDDT_002" name="SignOnDDT" time="9.843"/>
  <testcase classname="com.mercury_tours.testCases.TC_SignOnDDT_002" name="SignOnDDT" time="4.137"/>
  <testcase classname="com.mercury_tours.testCases.TC_SignOnDDT_002" name="SignOnDDT" time="4.189"/>
  <testcase classname="com.mercury_tours.testCases.TC_SignOnDDT_002" name="SignOnDDT" time="4.399"/>
</testsuite> <!-- com.mercury_tours.testCases.TC_SignOnDDT_002 -->
