<?xml version="1.0" encoding="UTF-8"?>
<!-- Generated by org.testng.reporters.JUnitReportReporter -->
<testsuite hostname="LAPTOP-M7L5P8KB" failures="0" tests="6" name="com.mercury_tours.testCases.TC_SignOnDDT_002" time="31.869" errors="0" timestamp="07 Feb 2020 00:28:26 GMT" skipped="0">
  <testcase classname="com.mercury_tours.testCases.TC_SignOnDDT_002" name="SignOnDDT" time="4.202"/>
  <testcase classname="com.mercury_tours.testCases.TC_SignOnDDT_002" name="SignOnDDT" time="4.119"/>
  <testcase classname="com.mercury_tours.testCases.TC_SignOnDDT_002" name="SignOnDDT" time="4.543"/>
  <testcase classname="com.mercury_tours.testCases.TC_SignOnDDT_002" name="SignOnDDT" time="4.224"/>
  <testcase classname="com.mercury_tours.testCases.TC_SignOnDDT_002" name="SignOnDDT" time="4.729"/>
  <testcase classname="com.mercury_tours.testCases.TC_SignOnDDT_002" name="SignOnDDT" time="10.052"/>
</testsuite> <!-- com.mercury_tours.testCases.TC_SignOnDDT_002 -->
