<?xml version="1.0" encoding="UTF-8"?>
<!-- Generated by org.testng.reporters.JUnitReportReporter -->
<testsuite hostname="LAPTOP-M7L5P8KB" failures="0" tests="1" name="com.mercury_tours.testCases.TC_BookFlight_005" time="24.795" errors="0" timestamp="10 Feb 2020 19:08:05 GMT" skipped="0">
  <testcase classname="com.mercury_tours.testCases.TC_BookFlight_005" name="bookFlight" time="24.795"/>
</testsuite> <!-- com.mercury_tours.testCases.TC_BookFlight_005 -->
